<?xml version="1.0" encoding="UTF-8"?>
<!-- Generated by org.testng.reporters.JUnitXMLReporter -->
<testsuite ignored="0" hostname="DESKTOP-RG6HM4D" failures="0" tests="10" name="Surefire test" time="79.48" errors="0" timestamp="2023-04-24T16:35:54 IST">
  <testcase classname="org.example.AppTest" name="LoginVerification" time="17.433"/>
  <testcase classname="org.example.AppTest" name="InfoButton" time="11.028"/>
  <testcase classname="org.example.AppTest" name="ExploreButton" time="5.227"/>
  <testcase classname="org.example.AppTest" name="SearchButton" time="16.701"/>
  <testcase classname="org.example.AppTest" name="MessageButton" time="12.316"/>
  <testcase classname="org.example.AppTest" name="postButton" time="5.485"/>
  <testcase classname="org.example.AppTest" name="likComm" time="2.234"/>
  <testcase classname="org.example.AppTest" name="Comment" time="7.44"/>
  <testcase classname="org.example.AppTest" name="closeButton" time="0.215"/>
  <testcase classname="org.example.AppTest" name="more" time="1.333"/>
</testsuite> <!-- Surefire test -->
